<?xml version="1.0" encoding="UTF-8"?>
<!-- Generated by org.testng.reporters.JUnitReportReporter -->
<testsuite hostname="DESKTOP-3KUK867" failures="0" tests="1" name="EndToEndTest" time="22.732" errors="0" timestamp="2023-03-23T13:22:36 IST" skipped="0">
  <testcase classname="EndToEndTest" name="test_EndToEnd" time="22.732"/>
  <system-out/>
</testsuite> <!-- EndToEndTest -->
