<?xml version="1.0" encoding="UTF-8"?>
<!-- Generated by org.testng.reporters.JUnitReportReporter -->
<testsuite hostname="DESKTOP-3KUK867" failures="0" tests="1" name="testCases.TC_001_AccountRegTest" time="3.748" errors="0" timestamp="2023-03-24T13:27:49 IST" skipped="0">
  <testcase classname="testCases.TC_001_AccountRegTest" name="test_AccountRegistration" time="3.748"/>
  <system-out/>
</testsuite> <!-- testCases.TC_001_AccountRegTest -->
