<?xml version="1.0" encoding="UTF-8"?>
<!-- Generated by org.testng.reporters.JUnitReportReporter -->
<testsuite hostname="DESKTOP-3KUK867" failures="0" tests="1" name="testCases.TC_004_AddToCartTest" time="7.253" errors="0" timestamp="2023-03-24T13:27:49 IST" skipped="0">
  <testcase classname="testCases.TC_004_AddToCartTest" name="test_AddToCartTest" time="7.253"/>
  <system-out/>
</testsuite> <!-- testCases.TC_004_AddToCartTest -->
