<?xml version="1.0" encoding="UTF-8"?>
<!-- Generated by org.testng.reporters.JUnitReportReporter -->
<testsuite hostname="DESKTOP-3KUK867" failures="0" tests="1" name="testCases.TC_006_EndToEndTest" time="15.656" errors="0" timestamp="2023-03-24T13:27:49 IST" skipped="0">
  <testcase classname="testCases.TC_006_EndToEndTest" name="test_EndToEnd" time="15.656"/>
  <system-out/>
</testsuite> <!-- testCases.TC_006_EndToEndTest -->
