<?xml version="1.0" encoding="UTF-8"?>
<!-- Generated by org.testng.reporters.JUnitReportReporter -->
<testsuite hostname="DESKTOP-3KUK867" failures="0" tests="1" name="testCases.TC_003_SearchTest" time="5.420" errors="0" timestamp="2023-03-24T13:27:49 IST" skipped="0">
  <testcase classname="testCases.TC_003_SearchTest" name="test_SearchTest" time="5.420"/>
  <system-out/>
</testsuite> <!-- testCases.TC_003_SearchTest -->
