<?xml version="1.0" encoding="UTF-8"?>
<!-- Generated by org.testng.reporters.JUnitReportReporter -->
<testsuite hostname="DESKTOP-3KUK867" failures="0" tests="5" name="testCases.TC_005LoginDataDrivenTest" time="38.333" errors="0" timestamp="2023-03-24T13:27:49 IST" skipped="0">
  <testcase classname="testCases.TC_005LoginDataDrivenTest" name="test_LoginDataDriven" time="11.205"/>
  <system-out/>
  <testcase classname="testCases.TC_005LoginDataDrivenTest" name="test_LoginDataDriven" time="11.247"/>
  <system-out/>
  <testcase classname="testCases.TC_005LoginDataDrivenTest" name="test_LoginDataDriven" time="2.281"/>
  <system-out/>
  <testcase classname="testCases.TC_005LoginDataDrivenTest" name="test_LoginDataDriven" time="2.409"/>
  <system-out/>
  <testcase classname="testCases.TC_005LoginDataDrivenTest" name="test_LoginDataDriven" time="11.191"/>
  <system-out/>
</testsuite> <!-- testCases.TC_005LoginDataDrivenTest -->
